#
# A fatal error has been detected by the Java Runtime Environment:
#
#  EXCEPTION_ACCESS_VIOLATION (0xc0000005) at pc=0x00007ffe60b18a4c, pid=19828, tid=10228
#
# JRE version: Java(TM) SE Runtime Environment (19.0.1+10) (build 19.0.1+10-21)
# Java VM: Java HotSpot(TM) 64-Bit Server VM (19.0.1+10-21, mixed mode, sharing, tiered, compressed oops, compressed class ptrs, g1 gc, windows-amd64)
# Problematic frame:
# C  [ucrtbase.dll+0x18a4c]
#
# No core dump will be written. Minidumps are not enabled by default on client versions of Windows
#
# If you would like to submit a bug report, please visit:
#   https://bugreport.java.com/bugreport/crash.jsp
#

---------------  S U M M A R Y ------------

Command Line: -Dfile.encoding=UTF-8 --module-path=C:\Users\mypc\Downloads\mysql-connector-java-8.0.28.jar -XX:+ShowCodeDetailsInExceptionMessages HotelManagement.HotelManagementSystem

Host: Intel(R) Core(TM) i3-6006U CPU @ 2.00GHz, 4 cores, 3G,  Windows 10 , 64 bit Build 19041 (10.0.19041.2546)
Time: Tue Feb 28 15:46:24 2023 India Standard Time elapsed time: 104.063352 seconds (0d 0h 1m 44s)

---------------  T H R E A D  ---------------

Current thread (0x000002466381bba0):  JavaThread "C1 CompilerThread0" daemon [_thread_in_native, id=10228, stack(0x00000049b4500000,0x00000049b4600000)]


Current CompileTask:
C1: 104063 1020       3       sun.awt.SunToolkit::postEvent (147 bytes)

Stack: [0x00000049b4500000,0x00000049b4600000],  sp=0x00000049b45fcc30,  free space=1011k
Native frames: (J=compiled Java code, j=interpreted, Vv=VM code, C=native code)
C  [ucrtbase.dll+0x18a4c]
C  [ucrtbase.dll+0x17ea9]
C  [ucrtbase.dll+0x1a3f4]
C  [ucrtbase.dll+0x1a587]
C  [ucrtbase.dll+0x1b216]
C  [ucrtbase.dll+0x1b347]
C  [ucrtbase.dll+0x1b3e4]
C  [awt.dll+0x74ead]


siginfo: EXCEPTION_ACCESS_VIOLATION (0xc0000005), writing address 0x0000000000000000


Registers:
RAX=0x0000024645df406a, RBX=0x00007ffe60bef540, RCX=0x0000000000000000, RDX=0x0000024645df40c0
RSP=0x00000049b45fcc30, RBP=0x00000049b45fcdf0, RSI=0x0000000000000000, RDI=0x0000000000000000
R8 =0x0000000000002282, R9 =0x0000000000000002, R10=0x0000024645df40c0, R11=0x00007ffe60bf0980
R12=0x000002466382ebc8, R13=0x00000000000001c6, R14=0x00007ffe60bcbc10, R15=0x0000000000000003
RIP=0x00007ffe60b18a4c, EFLAGS=0x0000000000010246


Register to memory mapping:

RIP=0x00007ffe60b18a4c ucrtbase.dll
RAX=0x0000024645df406a points into unknown readable memory: 0a 0a 0a 00 00 00
RBX=0x00007ffe60bef540 ucrtbase.dll
RCX=0x0 is NULL
RDX=0x0000024645df40c0 points into unknown readable memory: 0xffffffffffffffff | ff ff ff ff ff ff ff ff
RSP=0x00000049b45fcc30 is pointing into the stack for thread: 0x000002466381bba0
RBP=0x00000049b45fcdf0 is pointing into the stack for thread: 0x000002466381bba0
RSI=0x0 is NULL
RDI=0x0 is NULL
R8 =0x0000000000002282 is an unknown value
R9 =0x0000000000000002 is an unknown value
R10=0x0000024645df40c0 points into unknown readable memory: 0xffffffffffffffff | ff ff ff ff ff ff ff ff
R11=0x00007ffe60bf0980 ucrtbase.dll
R12=0x000002466382ebc8 points into unknown readable memory: 0x00000049b45fe840 | 40 e8 5f b4 49 00 00 00
R13=0x00000000000001c6 is an unknown value
R14=0x00007ffe60bcbc10 ucrtbase.dll
R15=0x0000000000000003 is an unknown value


Top of Stack: (sp=0x00000049b45fcc30)
0x00000049b45fcc30:   0000000000000000 00007ffdf4c7c8fd
0x00000049b45fcc40:   000002466381bba0 0000000000000000
0x00000049b45fcc50:   000000000000006a 00007ffe60b17ea9
0x00000049b45fcc60:   000000000000006a 00007ffe60bef540
0x00000049b45fcc70:   00000049b45fd1d8 00007ffdf4d56f1c
0x00000049b45fcc80:   00000000ffffffff 00007ffe60b1a3f4
0x00000049b45fcc90:   00000049b45fcd70 00007ffdf5026ab8
0x00000049b45fcca0:   0000000000000000 000002466381bba0
0x00000049b45fccb0:   00000246637b6a20 00007ffe60b1a587
0x00000049b45fccc0:   0000024667d2b5b0 0000024667d2d558
0x00000049b45fccd0:   0000000000010388 0000000000000007
0x00000049b45fcce0:   0000000000000010 00007ffe60b1b216
0x00000049b45fccf0:   00000049b45fd270 00000049b45fd300
0x00000049b45fcd00:   00007ffe60bef540 00000246637f13f8
0x00000049b45fcd10:   00000049b45fcd28 00000049b45fcd20
0x00000049b45fcd20:   00000049b45fd310 00000049b45fcd50 

Instructions: (pc=0x00007ffe60b18a4c)
0x00007ffe60b1894c:   cc cc cc cc 48 63 d2 e9 78 ff ff ff cc cc cc cc
0x00007ffe60b1895c:   cc cc cc cc 48 89 5c 24 08 48 89 74 24 10 57 48
0x00007ffe60b1896c:   83 ec 20 41 8b d9 49 8b f8 48 8b f2 e8 63 d6 ff
0x00007ffe60b1897c:   ff 90 44 8b c3 48 8b d7 48 8b ce e8 64 81 00 00
0x00007ffe60b1898c:   8b d8 e8 dd d5 ff ff 8b c3 48 8b 5c 24 30 48 8b
0x00007ffe60b1899c:   74 24 38 48 83 c4 20 5f c3 cc cc cc cc cc cc cc
0x00007ffe60b189ac:   cc cc cc cc 45 8b c8 4c 8b c2 48 8b d1 e9 a2 ff
0x00007ffe60b189bc:   ff ff cc cc cc cc cc cc 48 89 5c 24 10 48 89 74
0x00007ffe60b189cc:   24 18 88 4c 24 08 57 48 83 ec 20 48 8b ca 48 8b
0x00007ffe60b189dc:   da e8 9e f8 ff ff 8b 4b 14 4c 63 c8 f6 c1 c0 0f
0x00007ffe60b189ec:   84 29 b5 03 00 8b 3b 33 f6 48 8b 53 08 2b 7b 08
0x00007ffe60b189fc:   48 8d 42 01 48 89 03 8b 43 20 ff c8 89 43 10 85
0x00007ffe60b18a0c:   ff 7f 52 41 8d 41 02 83 f8 01 76 58 49 8b c9 48
0x00007ffe60b18a1c:   8d 15 5e 7f 0d 00 49 8b c1 48 c1 f8 06 83 e1 3f
0x00007ffe60b18a2c:   48 8b 04 c2 48 8d 0c c9 48 8d 14 c8 f6 42 38 20
0x00007ffe60b18a3c:   0f 85 b4 b4 03 00 48 8b 4b 08 3b f7 8a 44 24 30
0x00007ffe60b18a4c:   88 01 0f 94 c0 48 8b 5c 24 38 48 8b 74 24 40 48
0x00007ffe60b18a5c:   83 c4 20 5f c3 44 8b c7 41 8b c9 e8 34 f1 ff ff
0x00007ffe60b18a6c:   8b f0 eb d2 48 8d 15 a9 71 0d 00 eb bf cc cc cc
0x00007ffe60b18a7c:   cc cc cc cc 48 89 5c 24 20 48 89 4c 24 08 57 48
0x00007ffe60b18a8c:   83 ec 30 48 89 64 24 20 48 8b d9 48 85 c9 0f 84
0x00007ffe60b18a9c:   96 b4 03 00 48 8d 79 30 48 8b cf ff 15 7b 0b 0a
0x00007ffe60b18aac:   00 90 48 89 5c 24 48 48 8d 4c 24 48 e8 db b7 05
0x00007ffe60b18abc:   00 0f ba e0 0c 72 6d 48 89 5c 24 50 48 8d 4c 24
0x00007ffe60b18acc:   50 e8 2a c9 05 00 8d 48 02 4c 63 c8 4c 8d 15 a1
0x00007ffe60b18adc:   7e 0d 00 83 f9 01 76 6e 4d 8b c1 49 c1 f8 06 49
0x00007ffe60b18aec:   8b c9 83 e1 3f 48 8d 14 c9 4b 8b 0c c2 4c 8d 04
0x00007ffe60b18afc:   d1 48 8d 0d 1c 71 0d 00 41 80 78 39 00 75 53 83
0x00007ffe60b18b0c:   c0 02 83 f8 01 76 17 49 8b c1 48 c1 f8 06 41 83
0x00007ffe60b18b1c:   e1 3f 4b 8d 0c c9 49 8b 04 c2 48 8d 0c c8 f6 41
0x00007ffe60b18b2c:   3d 01 75 2e 83 6b 10 01 78 10 48 8b 03 0f b6 10
0x00007ffe60b18b3c:   48 ff c0 48 89 03 8b da eb 3a 48 8b cb e8 f2 f5 


Stack slot to memory mapping:
stack at sp + 0 slots: 0x0 is NULL
stack at sp + 1 slots: 0x00007ffdf4c7c8fd jvm.dll
stack at sp + 2 slots: 0x000002466381bba0 is a thread
stack at sp + 3 slots: 0x0 is NULL
stack at sp + 4 slots: 0x000000000000006a is an unknown value
stack at sp + 5 slots: 0x00007ffe60b17ea9 ucrtbase.dll
stack at sp + 6 slots: 0x000000000000006a is an unknown value
stack at sp + 7 slots: 0x00007ffe60bef540 ucrtbase.dll


---------------  P R O C E S S  ---------------

Threads class SMR info:
_java_thread_list=0x000002466869dea0, length=16, elements={
0x0000024647ec7360, 0x00000246637b77a0, 0x00000246637b8ae0, 0x00000246637bd0c0,
0x00000246637bd740, 0x00000246637be420, 0x00000246637c3f70, 0x00000246637bec90,
0x000002466381bba0, 0x00000246637c4a10, 0x00000246637c54b0, 0x00000246637c34d0,
0x00000246637c1f90, 0x00000246637c44c0, 0x00000246637c3a20, 0x00000246637c24e0
}

Java Threads: ( => current thread )
  0x0000024647ec7360 JavaThread "main" [_thread_blocked, id=5472, stack(0x00000049b3700000,0x00000049b3800000)]
  0x00000246637b77a0 JavaThread "Reference Handler" daemon [_thread_blocked, id=19900, stack(0x00000049b3e00000,0x00000049b3f00000)]
  0x00000246637b8ae0 JavaThread "Finalizer" daemon [_thread_blocked, id=10920, stack(0x00000049b3f00000,0x00000049b4000000)]
  0x00000246637bd0c0 JavaThread "Signal Dispatcher" daemon [_thread_blocked, id=8780, stack(0x00000049b4000000,0x00000049b4100000)]
  0x00000246637bd740 JavaThread "Attach Listener" daemon [_thread_blocked, id=16720, stack(0x00000049b4100000,0x00000049b4200000)]
  0x00000246637be420 JavaThread "Service Thread" daemon [_thread_blocked, id=18128, stack(0x00000049b4200000,0x00000049b4300000)]
  0x00000246637c3f70 JavaThread "Monitor Deflation Thread" daemon [_thread_blocked, id=6628, stack(0x00000049b4300000,0x00000049b4400000)]
  0x00000246637bec90 JavaThread "C2 CompilerThread0" daemon [_thread_blocked, id=1060, stack(0x00000049b4400000,0x00000049b4500000)]
=>0x000002466381bba0 JavaThread "C1 CompilerThread0" daemon [_thread_in_native, id=10228, stack(0x00000049b4500000,0x00000049b4600000)]
  0x00000246637c4a10 JavaThread "Sweeper thread" daemon [_thread_blocked, id=13056, stack(0x00000049b4600000,0x00000049b4700000)]
  0x00000246637c54b0 JavaThread "Common-Cleaner" daemon [_thread_blocked, id=19924, stack(0x00000049b4700000,0x00000049b4800000)]
  0x00000246637c34d0 JavaThread "Notification Thread" daemon [_thread_blocked, id=17540, stack(0x00000049b4900000,0x00000049b4a00000)]
  0x00000246637c1f90 JavaThread "Java2D Disposer" daemon [_thread_blocked, id=10220, stack(0x00000049b4b00000,0x00000049b4c00000)]
  0x00000246637c44c0 JavaThread "AWT-Shutdown" [_thread_blocked, id=19476, stack(0x00000049b4c00000,0x00000049b4d00000)]
  0x00000246637c3a20 JavaThread "AWT-Windows" daemon [_thread_in_native, id=17892, stack(0x00000049b4d00000,0x00000049b4e00000)]
  0x00000246637c24e0 JavaThread "AWT-EventQueue-0" [_thread_blocked, id=9988, stack(0x00000049b4f00000,0x00000049b5000000)]

Other Threads:
  0x0000024647f8ed60 VMThread "VM Thread" [stack: 0x00000049b3d00000,0x00000049b3e00000] [id=12828]
  0x0000024647ec8380 WatcherThread "VM Periodic Task Thread" [stack: 0x00000049b4a00000,0x00000049b4b00000] [id=6916]
  0x0000024647f085c0 WorkerThread "GC Thread#0" [stack: 0x00000049b3800000,0x00000049b3900000] [id=10128]
  0x0000024647f12ef0 ConcurrentGCThread "G1 Main Marker" [stack: 0x00000049b3900000,0x00000049b3a00000] [id=17600]
  0x0000024647f13920 WorkerThread "G1 Conc#0" [stack: 0x00000049b3a00000,0x00000049b3b00000] [id=17492]
  0x0000024647f66890 ConcurrentGCThread "G1 Refine#0" [stack: 0x00000049b3b00000,0x00000049b3c00000] [id=12672]
  0x0000024647f6a940 ConcurrentGCThread "G1 Service" [stack: 0x00000049b3c00000,0x00000049b3d00000] [id=20340]

Threads with active compile tasks:
C1 CompilerThread0   104183 1020       3       sun.awt.SunToolkit::postEvent (147 bytes)

VM state: not at safepoint (normal execution)

VM Mutex/Monitor currently owned by a thread: None

Heap address: 0x00000000c1c00000, size: 996 MB, Compressed Oops mode: 32-bit

CDS archive(s) mapped at: [0x0000000800000000-0x0000000800c40000-0x0000000800c40000), size 12845056, SharedBaseAddress: 0x0000000800000000, ArchiveRelocationMode: 0.
Compressed class space mapped at: 0x0000000801000000-0x0000000841000000, reserved size: 1073741824
Narrow klass base: 0x0000000800000000, Narrow klass shift: 0, Narrow klass range: 0x100000000

GC Precious Log:
 CardTable entry size: 512
 Card Set container configuration: InlinePtr #cards 5 size 8 Array Of Cards #cards 12 size 40 Howl #buckets 4 coarsen threshold 1843 Howl Bitmap #cards 512 size 80 coarsen threshold 460 Card regions per heap region 1 cards per card region 2048
 CPUs: 4 total, 4 available
 Memory: 3977M
 Large Page Support: Disabled
 NUMA Support: Disabled
 Compressed Oops: Enabled (32-bit)
 Heap Region Size: 1M
 Heap Min Capacity: 8M
 Heap Initial Capacity: 64M
 Heap Max Capacity: 996M
 Pre-touch: Disabled
 Parallel Workers: 4
 Concurrent Workers: 1
 Concurrent Refinement Workers: 4
 Periodic GC: Disabled

Heap:
 garbage-first heap   total 65536K, used 16384K [0x00000000c1c00000, 0x0000000100000000)
  region size 1024K, 11 young (11264K), 0 survivors (0K)
 Metaspace       used 6953K, committed 7168K, reserved 1114112K
  class space    used 740K, committed 896K, reserved 1048576K

Heap Regions: E=young(eden), S=young(survivor), O=old, HS=humongous(starts), HC=humongous(continues), CS=collection set, F=free, OA=open archive, CA=closed archive, TAMS=top-at-mark-start (previous, next)
|   0|0x00000000c1c00000, 0x00000000c1d00000, 0x00000000c1d00000|100%|HS|  |TAMS 0x00000000c1c00000, 0x00000000c1c00000| Complete 
|   1|0x00000000c1d00000, 0x00000000c1e00000, 0x00000000c1e00000|100%|HC|  |TAMS 0x00000000c1d00000, 0x00000000c1d00000| Complete 
|   2|0x00000000c1e00000, 0x00000000c1f00000, 0x00000000c1f00000|100%|HC|  |TAMS 0x00000000c1e00000, 0x00000000c1e00000| Complete 
|   3|0x00000000c1f00000, 0x00000000c2000000, 0x00000000c2000000|100%|HS|  |TAMS 0x00000000c1f00000, 0x00000000c1f00000| Complete 
|   4|0x00000000c2000000, 0x00000000c2100000, 0x00000000c2100000|100%|HC|  |TAMS 0x00000000c2000000, 0x00000000c2000000| Complete 
|   5|0x00000000c2100000, 0x00000000c2200000, 0x00000000c2200000|100%|HC|  |TAMS 0x00000000c2100000, 0x00000000c2100000| Complete 
|   6|0x00000000c2200000, 0x00000000c2200000, 0x00000000c2300000|  0%| F|  |TAMS 0x00000000c2200000, 0x00000000c2200000| Untracked 
|   7|0x00000000c2300000, 0x00000000c2300000, 0x00000000c2400000|  0%| F|  |TAMS 0x00000000c2300000, 0x00000000c2300000| Untracked 
|   8|0x00000000c2400000, 0x00000000c2400000, 0x00000000c2500000|  0%| F|  |TAMS 0x00000000c2400000, 0x00000000c2400000| Untracked 
|   9|0x00000000c2500000, 0x00000000c2500000, 0x00000000c2600000|  0%| F|  |TAMS 0x00000000c2500000, 0x00000000c2500000| Untracked 
|  10|0x00000000c2600000, 0x00000000c2600000, 0x00000000c2700000|  0%| F|  |TAMS 0x00000000c2600000, 0x00000000c2600000| Untracked 
|  11|0x00000000c2700000, 0x00000000c2700000, 0x00000000c2800000|  0%| F|  |TAMS 0x00000000c2700000, 0x00000000c2700000| Untracked 
|  12|0x00000000c2800000, 0x00000000c2800000, 0x00000000c2900000|  0%| F|  |TAMS 0x00000000c2800000, 0x00000000c2800000| Untracked 
|  13|0x00000000c2900000, 0x00000000c2900000, 0x00000000c2a00000|  0%| F|  |TAMS 0x00000000c2900000, 0x00000000c2900000| Untracked 
|  14|0x00000000c2a00000, 0x00000000c2a00000, 0x00000000c2b00000|  0%| F|  |TAMS 0x00000000c2a00000, 0x00000000c2a00000| Untracked 
|  15|0x00000000c2b00000, 0x00000000c2b00000, 0x00000000c2c00000|  0%| F|  |TAMS 0x00000000c2b00000, 0x00000000c2b00000| Untracked 
|  16|0x00000000c2c00000, 0x00000000c2c00000, 0x00000000c2d00000|  0%| F|  |TAMS 0x00000000c2c00000, 0x00000000c2c00000| Untracked 
|  17|0x00000000c2d00000, 0x00000000c2d00000, 0x00000000c2e00000|  0%| F|  |TAMS 0x00000000c2d00000, 0x00000000c2d00000| Untracked 
|  18|0x00000000c2e00000, 0x00000000c2e00000, 0x00000000c2f00000|  0%| F|  |TAMS 0x00000000c2e00000, 0x00000000c2e00000| Untracked 
|  19|0x00000000c2f00000, 0x00000000c2f00000, 0x00000000c3000000|  0%| F|  |TAMS 0x00000000c2f00000, 0x00000000c2f00000| Untracked 
|  20|0x00000000c3000000, 0x00000000c3000000, 0x00000000c3100000|  0%| F|  |TAMS 0x00000000c3000000, 0x00000000c3000000| Untracked 
|  21|0x00000000c3100000, 0x00000000c3100000, 0x00000000c3200000|  0%| F|  |TAMS 0x00000000c3100000, 0x00000000c3100000| Untracked 
|  22|0x00000000c3200000, 0x00000000c3200000, 0x00000000c3300000|  0%| F|  |TAMS 0x00000000c3200000, 0x00000000c3200000| Untracked 
|  23|0x00000000c3300000, 0x00000000c3300000, 0x00000000c3400000|  0%| F|  |TAMS 0x00000000c3300000, 0x00000000c3300000| Untracked 
|  24|0x00000000c3400000, 0x00000000c3400000, 0x00000000c3500000|  0%| F|  |TAMS 0x00000000c3400000, 0x00000000c3400000| Untracked 
|  25|0x00000000c3500000, 0x00000000c3500000, 0x00000000c3600000|  0%| F|  |TAMS 0x00000000c3500000, 0x00000000c3500000| Untracked 
|  26|0x00000000c3600000, 0x00000000c3600000, 0x00000000c3700000|  0%| F|  |TAMS 0x00000000c3600000, 0x00000000c3600000| Untracked 
|  27|0x00000000c3700000, 0x00000000c3700000, 0x00000000c3800000|  0%| F|  |TAMS 0x00000000c3700000, 0x00000000c3700000| Untracked 
|  28|0x00000000c3800000, 0x00000000c3800000, 0x00000000c3900000|  0%| F|  |TAMS 0x00000000c3800000, 0x00000000c3800000| Untracked 
|  29|0x00000000c3900000, 0x00000000c3900000, 0x00000000c3a00000|  0%| F|  |TAMS 0x00000000c3900000, 0x00000000c3900000| Untracked 
|  30|0x00000000c3a00000, 0x00000000c3a00000, 0x00000000c3b00000|  0%| F|  |TAMS 0x00000000c3a00000, 0x00000000c3a00000| Untracked 
|  31|0x00000000c3b00000, 0x00000000c3b00000, 0x00000000c3c00000|  0%| F|  |TAMS 0x00000000c3b00000, 0x00000000c3b00000| Untracked 
|  32|0x00000000c3c00000, 0x00000000c3c00000, 0x00000000c3d00000|  0%| F|  |TAMS 0x00000000c3c00000, 0x00000000c3c00000| Untracked 
|  33|0x00000000c3d00000, 0x00000000c3d00000, 0x00000000c3e00000|  0%| F|  |TAMS 0x00000000c3d00000, 0x00000000c3d00000| Untracked 
|  34|0x00000000c3e00000, 0x00000000c3e00000, 0x00000000c3f00000|  0%| F|  |TAMS 0x00000000c3e00000, 0x00000000c3e00000| Untracked 
|  35|0x00000000c3f00000, 0x00000000c3f00000, 0x00000000c4000000|  0%| F|  |TAMS 0x00000000c3f00000, 0x00000000c3f00000| Untracked 
|  36|0x00000000c4000000, 0x00000000c4000000, 0x00000000c4100000|  0%| F|  |TAMS 0x00000000c4000000, 0x00000000c4000000| Untracked 
|  37|0x00000000c4100000, 0x00000000c4100000, 0x00000000c4200000|  0%| F|  |TAMS 0x00000000c4100000, 0x00000000c4100000| Untracked 
|  38|0x00000000c4200000, 0x00000000c4200000, 0x00000000c4300000|  0%| F|  |TAMS 0x00000000c4200000, 0x00000000c4200000| Untracked 
|  39|0x00000000c4300000, 0x00000000c4300000, 0x00000000c4400000|  0%| F|  |TAMS 0x00000000c4300000, 0x00000000c4300000| Untracked 
|  40|0x00000000c4400000, 0x00000000c4400000, 0x00000000c4500000|  0%| F|  |TAMS 0x00000000c4400000, 0x00000000c4400000| Untracked 
|  41|0x00000000c4500000, 0x00000000c4500000, 0x00000000c4600000|  0%| F|  |TAMS 0x00000000c4500000, 0x00000000c4500000| Untracked 
|  42|0x00000000c4600000, 0x00000000c4600000, 0x00000000c4700000|  0%| F|  |TAMS 0x00000000c4600000, 0x00000000c4600000| Untracked 
|  43|0x00000000c4700000, 0x00000000c4700000, 0x00000000c4800000|  0%| F|  |TAMS 0x00000000c4700000, 0x00000000c4700000| Untracked 
|  44|0x00000000c4800000, 0x00000000c4800000, 0x00000000c4900000|  0%| F|  |TAMS 0x00000000c4800000, 0x00000000c4800000| Untracked 
|  45|0x00000000c4900000, 0x00000000c4900000, 0x00000000c4a00000|  0%| F|  |TAMS 0x00000000c4900000, 0x00000000c4900000| Untracked 
|  46|0x00000000c4a00000, 0x00000000c4a00000, 0x00000000c4b00000|  0%| F|  |TAMS 0x00000000c4a00000, 0x00000000c4a00000| Untracked 
|  47|0x00000000c4b00000, 0x00000000c4b00000, 0x00000000c4c00000|  0%| F|  |TAMS 0x00000000c4b00000, 0x00000000c4b00000| Untracked 
|  48|0x00000000c4c00000, 0x00000000c4c00000, 0x00000000c4d00000|  0%| F|  |TAMS 0x00000000c4c00000, 0x00000000c4c00000| Untracked 
|  49|0x00000000c4d00000, 0x00000000c4d00000, 0x00000000c4e00000|  0%| F|  |TAMS 0x00000000c4d00000, 0x00000000c4d00000| Untracked 
|  50|0x00000000c4e00000, 0x00000000c4e00000, 0x00000000c4f00000|  0%| F|  |TAMS 0x00000000c4e00000, 0x00000000c4e00000| Untracked 
|  51|0x00000000c4f00000, 0x00000000c4f00000, 0x00000000c5000000|  0%| F|  |TAMS 0x00000000c4f00000, 0x00000000c4f00000| Untracked 
|  52|0x00000000c5000000, 0x00000000c5000000, 0x00000000c5100000|  0%| F|  |TAMS 0x00000000c5000000, 0x00000000c5000000| Untracked 
|  53|0x00000000c5100000, 0x00000000c5200000, 0x00000000c5200000|100%| E|  |TAMS 0x00000000c5100000, 0x00000000c5100000| Complete 
|  54|0x00000000c5200000, 0x00000000c5300000, 0x00000000c5300000|100%| E|CS|TAMS 0x00000000c5200000, 0x00000000c5200000| Complete 
|  55|0x00000000c5300000, 0x00000000c5400000, 0x00000000c5400000|100%| E|CS|TAMS 0x00000000c5300000, 0x00000000c5300000| Complete 
|  56|0x00000000c5400000, 0x00000000c5500000, 0x00000000c5500000|100%| E|CS|TAMS 0x00000000c5400000, 0x00000000c5400000| Complete 
|  57|0x00000000c5500000, 0x00000000c5600000, 0x00000000c5600000|100%| E|CS|TAMS 0x00000000c5500000, 0x00000000c5500000| Complete 
|  58|0x00000000c5600000, 0x00000000c5700000, 0x00000000c5700000|100%| E|CS|TAMS 0x00000000c5600000, 0x00000000c5600000| Complete 
|  59|0x00000000c5700000, 0x00000000c5800000, 0x00000000c5800000|100%| E|CS|TAMS 0x00000000c5700000, 0x00000000c5700000| Complete 
|  60|0x00000000c5800000, 0x00000000c5900000, 0x00000000c5900000|100%| E|CS|TAMS 0x00000000c5800000, 0x00000000c5800000| Complete 
|  61|0x00000000c5900000, 0x00000000c5a00000, 0x00000000c5a00000|100%| E|CS|TAMS 0x00000000c5900000, 0x00000000c5900000| Complete 
|  62|0x00000000c5a00000, 0x00000000c5b00000, 0x00000000c5b00000|100%| E|CS|TAMS 0x00000000c5a00000, 0x00000000c5a00000| Complete 
|  63|0x00000000c5b00000, 0x00000000c5c00000, 0x00000000c5c00000|100%| E|CS|TAMS 0x00000000c5b00000, 0x00000000c5b00000| Complete 

Card table byte_map: [0x000002465f040000,0x000002465f240000] _byte_map_base: 0x000002465ea32000

Marking Bits (Prev, Next): (CMBitMap*) 0x0000024647f0a000, (CMBitMap*) 0x0000024647f0a040
 Prev Bits: [0x000002465f440000, 0x00000246603d0000)
 Next Bits: [0x00000246603d0000, 0x0000024661360000)

Polling page: 0x00000246476a0000

Metaspace:

Usage:
  Non-class:      6.07 MB used.
      Class:    740.85 KB used.
       Both:      6.79 MB used.

Virtual space:
  Non-class space:       64.00 MB reserved,       6.12 MB ( 10%) committed,  1 nodes.
      Class space:        1.00 GB reserved,     896.00 KB ( <1%) committed,  1 nodes.
             Both:        1.06 GB reserved,       7.00 MB ( <1%) committed. 

Chunk freelists:
   Non-Class:  1.00 MB
       Class:  3.11 MB
        Both:  4.11 MB

MaxMetaspaceSize: unlimited
CompressedClassSpaceSize: 1.00 GB
Initial GC threshold: 21.00 MB
Current GC threshold: 21.00 MB
CDS: on
MetaspaceReclaimPolicy: balanced
 - commit_granule_bytes: 65536.
 - commit_granule_words: 8192.
 - virtual_space_node_default_size: 8388608.
 - enlarge_chunks_in_place: 1.
 - new_chunks_are_fully_committed: 0.
 - uncommit_free_chunks: 1.
 - use_allocation_guard: 0.


Internal statistics:

num_allocs_failed_limit: 0.
num_arena_births: 156.
num_arena_deaths: 0.
num_vsnodes_births: 2.
num_vsnodes_deaths: 0.
num_space_committed: 112.
num_space_uncommitted: 0.
num_chunks_returned_to_freelist: 0.
num_chunks_taken_from_freelist: 170.
num_chunk_merges: 0.
num_chunk_splits: 117.
num_chunks_enlarged: 76.
num_inconsistent_stats: 0.

CodeHeap 'non-profiled nmethods': size=120000Kb used=291Kb max_used=291Kb free=119708Kb
 bounds [0x0000024657910000, 0x0000024657b80000, 0x000002465ee40000]
CodeHeap 'profiled nmethods': size=120000Kb used=1493Kb max_used=1493Kb free=118506Kb
 bounds [0x000002464fe40000, 0x00000246500b0000, 0x0000024657370000]
CodeHeap 'non-nmethods': size=5760Kb used=1347Kb max_used=1362Kb free=4412Kb
 bounds [0x0000024657370000, 0x00000246575e0000, 0x0000024657910000]
 total_blobs=1607 nmethods=1019 adapters=499
 compilation: enabled
              stopped_count=0, restarted_count=0
 full_count=0

Compilation events (20 events):
Event: 90.901 Thread 0x000002466381bba0 nmethod 1010 0x000002464ffaaf90 code [0x000002464ffab180, 0x000002464ffab6b8]
Event: 90.901 Thread 0x000002466381bba0 1011   !   3       sun.awt.GlobalCursorManager::updateCursorImmediately (31 bytes)
Event: 90.901 Thread 0x000002466381bba0 nmethod 1011 0x000002464ffab890 code [0x000002464ffaba40, 0x000002464ffabc88]
Event: 93.421 Thread 0x000002466381bba0 1012       3       java.awt.Component::isMixingNeeded (177 bytes)
Event: 93.429 Thread 0x000002466381bba0 nmethod 1012 0x000002464ffabd90 code [0x000002464ffac4a0, 0x000002464ffb0808]
Event: 93.429 Thread 0x000002466381bba0 1013  s    3       sun.awt.SunToolkit::getSunAwtDisableMixing (32 bytes)
Event: 93.431 Thread 0x000002466381bba0 nmethod 1013 0x000002464ffb1990 code [0x000002464ffb1be0, 0x000002464ffb25c8]
Event: 93.431 Thread 0x000002466381bba0 1014       3       java.awt.Component::areBoundsValid (29 bytes)
Event: 93.431 Thread 0x000002466381bba0 nmethod 1014 0x000002464ffb2910 code [0x000002464ffb2ae0, 0x000002464ffb2fa8]
Event: 94.937 Thread 0x000002466381bba0 1015       3       java.awt.EventQueue::noEvents (29 bytes)
Event: 94.938 Thread 0x000002466381bba0 nmethod 1015 0x000002464ffb3090 code [0x000002464ffb3240, 0x000002464ffb3498]
Event: 100.990 Thread 0x000002466381bba0 1016       3       sun.awt.AWTAccessor::getAWTEventAccessor (15 bytes)
Event: 100.991 Thread 0x000002466381bba0 nmethod 1016 0x000002464ffb3590 code [0x000002464ffb37a0, 0x000002464ffb3c18]
Event: 101.998 Thread 0x000002466381bba0 1017       3       sun.awt.SunToolkit::setSystemGenerated (10 bytes)
Event: 101.999 Thread 0x000002466381bba0 nmethod 1017 0x000002464ffb3e90 code [0x000002464ffb40c0, 0x000002464ffb4658]
Event: 101.999 Thread 0x000002466381bba0 1018       3       java.awt.AWTEvent$1::setSystemGenerated (6 bytes)
Event: 101.999 Thread 0x000002466381bba0 nmethod 1018 0x000002464ffb4990 code [0x000002464ffb4b20, 0x000002464ffb4c38]
Event: 103.004 Thread 0x000002466381bba0 1019   !   3       sun.awt.AWTAutoShutdown::notifyThreadBusy (88 bytes)
Event: 103.005 Thread 0x000002466381bba0 nmethod 1019 0x000002464ffb4d10 code [0x000002464ffb4f20, 0x000002464ffb5498]
Event: 104.027 Thread 0x000002466381bba0 1020       3       sun.awt.SunToolkit::postEvent (147 bytes)

GC Heap History (0 events):
No events

Dll operation events (11 events):
Event: 0.014 Loaded shared library C:\Program Files\Java\jdk-19\bin\java.dll
Event: 0.104 Loaded shared library C:\Program Files\Java\jdk-19\bin\jsvml.dll
Event: 0.242 Loaded shared library C:\Program Files\Java\jdk-19\bin\net.dll
Event: 0.245 Loaded shared library C:\Program Files\Java\jdk-19\bin\nio.dll
Event: 0.254 Loaded shared library C:\Program Files\Java\jdk-19\bin\zip.dll
Event: 0.359 Loaded shared library C:\Program Files\Java\jdk-19\bin\verify.dll
Event: 0.367 Loaded shared library C:\Program Files\Java\jdk-19\bin\jimage.dll
Event: 0.394 Loaded shared library C:\Program Files\Java\jdk-19\bin\awt.dll
Event: 0.625 Loaded shared library C:\Program Files\Java\jdk-19\bin\javajpeg.dll
Event: 0.721 Loaded shared library C:\Program Files\Java\jdk-19\bin\freetype.dll
Event: 0.723 Loaded shared library C:\Program Files\Java\jdk-19\bin\fontmanager.dll

Deoptimization events (20 events):
Event: 0.597 Thread 0x0000024647ec7360 Uncommon trap: trap_request=0xffffffc6 fr.pc=0x000002465792b67c relative=0x0000000000000bbc
Event: 0.597 Thread 0x0000024647ec7360 Uncommon trap: reason=bimorphic_or_optimized_type_check action=maybe_recompile pc=0x000002465792b67c method=java.util.HashMap.putVal(ILjava/lang/Object;Ljava/lang/Object;ZZ)Ljava/lang/Object; @ 56 c2
Event: 0.597 Thread 0x0000024647ec7360 DEOPT PACKING pc=0x000002465792b67c sp=0x00000049b37fef40
Event: 0.597 Thread 0x0000024647ec7360 DEOPT UNPACKING pc=0x00000246573d6da3 sp=0x00000049b37feec8 mode 2
Event: 0.597 Thread 0x0000024647ec7360 Uncommon trap: trap_request=0xffffffc6 fr.pc=0x000002465792b67c relative=0x0000000000000bbc
Event: 0.597 Thread 0x0000024647ec7360 Uncommon trap: reason=bimorphic_or_optimized_type_check action=maybe_recompile pc=0x000002465792b67c method=java.util.HashMap.putVal(ILjava/lang/Object;Ljava/lang/Object;ZZ)Ljava/lang/Object; @ 56 c2
Event: 0.597 Thread 0x0000024647ec7360 DEOPT PACKING pc=0x000002465792b67c sp=0x00000049b37fef40
Event: 0.597 Thread 0x0000024647ec7360 DEOPT UNPACKING pc=0x00000246573d6da3 sp=0x00000049b37feec8 mode 2
Event: 0.597 Thread 0x0000024647ec7360 Uncommon trap: trap_request=0xffffffc6 fr.pc=0x000002465792b67c relative=0x0000000000000bbc
Event: 0.597 Thread 0x0000024647ec7360 Uncommon trap: reason=bimorphic_or_optimized_type_check action=maybe_recompile pc=0x000002465792b67c method=java.util.HashMap.putVal(ILjava/lang/Object;Ljava/lang/Object;ZZ)Ljava/lang/Object; @ 56 c2
Event: 0.597 Thread 0x0000024647ec7360 DEOPT PACKING pc=0x000002465792b67c sp=0x00000049b37fef40
Event: 0.597 Thread 0x0000024647ec7360 DEOPT UNPACKING pc=0x00000246573d6da3 sp=0x00000049b37feec8 mode 2
Event: 0.681 Thread 0x0000024647ec7360 Uncommon trap: trap_request=0xffffff45 fr.pc=0x0000024657944708 relative=0x0000000000000b68
Event: 0.681 Thread 0x0000024647ec7360 Uncommon trap: reason=unstable_if action=reinterpret pc=0x0000024657944708 method=java.util.HashMap.hash(Ljava/lang/Object;)I @ 1 c2
Event: 0.681 Thread 0x0000024647ec7360 DEOPT PACKING pc=0x0000024657944708 sp=0x00000049b37ff1f0
Event: 0.681 Thread 0x0000024647ec7360 DEOPT UNPACKING pc=0x00000246573d6da3 sp=0x00000049b37ff190 mode 2
Event: 0.734 Thread 0x0000024647ec7360 Uncommon trap: trap_request=0xffffff45 fr.pc=0x000002465791e2fc relative=0x000000000000005c
Event: 0.734 Thread 0x0000024647ec7360 Uncommon trap: reason=unstable_if action=reinterpret pc=0x000002465791e2fc method=java.lang.String.isLatin1()Z @ 10 c2
Event: 0.734 Thread 0x0000024647ec7360 DEOPT PACKING pc=0x000002465791e2fc sp=0x00000049b37fe0f0
Event: 0.734 Thread 0x0000024647ec7360 DEOPT UNPACKING pc=0x00000246573d6da3 sp=0x00000049b37fe080 mode 2

Classes loaded (20 events):
Event: 3.397 Loading class java/awt/Container$MouseEventTargetFilter
Event: 3.397 Loading class java/awt/Container$EventTargetFilter
Event: 3.397 Loading class java/awt/Container$EventTargetFilter done
Event: 3.397 Loading class java/awt/Container$MouseEventTargetFilter done
Event: 3.397 Loading class java/awt/LightweightDispatcher$1
Event: 3.397 Loading class java/awt/LightweightDispatcher$1 done
Event: 3.397 Loading class java/awt/event/AWTEventListenerProxy
Event: 3.397 Loading class java/awt/event/AWTEventListenerProxy done
Event: 3.397 Loading class java/awt/Toolkit$SelectiveAWTEventListener
Event: 3.397 Loading class java/awt/Toolkit$SelectiveAWTEventListener done
Event: 3.397 Loading class java/awt/Toolkit$ToolkitEventMulticaster
Event: 3.398 Loading class java/awt/Toolkit$ToolkitEventMulticaster done
Event: 3.398 Loading class java/awt/event/MouseWheelEvent
Event: 3.398 Loading class java/awt/event/MouseWheelEvent done
Event: 4.304 Loading class java/awt/LightweightDispatcher$2
Event: 4.304 Loading class java/awt/LightweightDispatcher$2 done
Event: 5.200 Loading class java/awt/KeyboardFocusManager$2
Event: 5.200 Loading class java/awt/KeyboardFocusManager$2 done
Event: 5.201 Loading class sun/awt/SunToolkit$1
Event: 5.201 Loading class sun/awt/SunToolkit$1 done

Classes unloaded (0 events):
No events

Classes redefined (0 events):
No events

Internal exceptions (18 events):
Event: 0.309 Thread 0x0000024647ec7360 Exception <a 'java/lang/NoSuchMethodError'{0x00000000c5989038}: 'void java.lang.invoke.DirectMethodHandle$Holder.invokeSpecial(java.lang.Object, java.lang.Object, java.lang.Object)'> (0x00000000c5989038) 
thrown [s\open\src\hotspot\share\interpreter\linkResolver.cpp, line 774]
Event: 0.317 Thread 0x0000024647ec7360 Exception <a 'java/lang/NoSuchMethodError'{0x00000000c599bf10}: 'void java.lang.invoke.DirectMethodHandle$Holder.invokeSpecial(java.lang.Object, java.lang.Object, java.lang.Object, java.lang.Object, java.lang.Object)'> (0x00000000c599bf10) 
thrown [s\open\src\hotspot\share\interpreter\linkResolver.cpp, line 774]
Event: 0.323 Thread 0x0000024647ec7360 Exception <a 'java/lang/NoSuchMethodError'{0x00000000c59aeab0}: 'java.lang.Object java.lang.invoke.DirectMethodHandle$Holder.invokeInterface(java.lang.Object, java.lang.Object)'> (0x00000000c59aeab0) 
thrown [s\open\src\hotspot\share\interpreter\linkResolver.cpp, line 774]
Event: 0.324 Thread 0x0000024647ec7360 Exception <a 'java/lang/IncompatibleClassChangeError'{0x00000000c59b2100}: Found class java.lang.Object, but interface was expected> (0x00000000c59b2100) 
thrown [s\open\src\hotspot\share\interpreter\linkResolver.cpp, line 841]
Event: 0.325 Thread 0x0000024647ec7360 Exception <a 'java/lang/NoSuchMethodError'{0x00000000c59b4f58}: 'void java.lang.invoke.DirectMethodHandle$Holder.invokeStatic(java.lang.Object, java.lang.Object, java.lang.Object, java.lang.Object)'> (0x00000000c59b4f58) 
thrown [s\open\src\hotspot\share\interpreter\linkResolver.cpp, line 774]
Event: 0.380 Thread 0x0000024647ec7360 Exception <a 'java/lang/ClassNotFoundException'{0x00000000c58afea8}: sun/awt/resources/spi/awtProvider> (0x00000000c58afea8) 
thrown [s\open\src\hotspot\share\classfile\systemDictionary.cpp, line 255]
Event: 0.412 Thread 0x0000024647ec7360 Exception <a 'java/io/FileNotFoundException'{0x00000000c5706068}> (0x00000000c5706068) 
thrown [s\open\src\hotspot\share\prims\jni.cpp, line 517]
Event: 0.426 Thread 0x0000024647ec7360 Exception <a 'java/io/FileNotFoundException'{0x00000000c57326f0}> (0x00000000c57326f0) 
thrown [s\open\src\hotspot\share\prims\jni.cpp, line 517]
Event: 0.486 Thread 0x0000024647ec7360 Exception <a 'java/lang/NoSuchMethodError'{0x00000000c5776180}: 'java.lang.Object java.lang.invoke.DirectMethodHandle$Holder.invokeStaticInit(java.lang.Object)'> (0x00000000c5776180) 
thrown [s\open\src\hotspot\share\interpreter\linkResolver.cpp, line 774]
Event: 0.545 Thread 0x0000024647ec7360 Exception <a 'java/lang/NoSuchMethodError'{0x00000000c566b200}: 'java.lang.Object java.lang.invoke.DirectMethodHandle$Holder.newInvokeSpecial(java.lang.Object, java.lang.Object, java.lang.Object, java.lang.Object, java.lang.Object)'> (0x00000000c566b200) 
thrown [s\open\src\hotspot\share\interpreter\linkResolver.cpp, line 774]
Event: 0.554 Thread 0x0000024647ec7360 Exception <a 'java/lang/NoSuchMethodError'{0x00000000c569cb48}: 'java.lang.Object java.lang.invoke.DirectMethodHandle$Holder.invokeStatic(java.lang.Object, int, java.lang.Object)'> (0x00000000c569cb48) 
thrown [s\open\src\hotspot\share\interpreter\linkResolver.cpp, line 774]
Event: 0.596 Thread 0x0000024647ec7360 Exception <a 'java/lang/ClassNotFoundException'{0x00000000c55585e8}: com/sun/swing/internal/plaf/metal/resources/spi/metalProvider> (0x00000000c55585e8) 
thrown [s\open\src\hotspot\share\classfile\systemDictionary.cpp, line 255]
Event: 0.597 Thread 0x0000024647ec7360 Exception <a 'java/lang/ClassNotFoundException'{0x00000000c555c5b8}: com/sun/swing/internal/plaf/basic/resources/spi/basicProvider> (0x00000000c555c5b8) 
thrown [s\open\src\hotspot\share\classfile\systemDictionary.cpp, line 255]
Event: 0.612 Thread 0x0000024647ec7360 Exception <a 'java/lang/NoSuchMethodError'{0x00000000c557c278}: 'int java.lang.invoke.Invokers$Holder.invokeExact_MT(java.lang.Object, java.lang.Object)'> (0x00000000c557c278) 
thrown [s\open\src\hotspot\share\interpreter\linkResolver.cpp, line 774]
Event: 0.627 Thread 0x00000246637c4f60 Exception <a 'java/lang/NoSuchMethodError'{0x00000000c5591670}: 'java.lang.Object java.lang.invoke.DirectMethodHandle$Holder.newInvokeSpecial(java.lang.Object, java.lang.Object, java.lang.Object, int, int, int, int, int)'> (0x00000000c5591670) 
thrown [s\open\src\hotspot\share\interpreter\linkResolver.cpp, line 774]
Event: 0.681 Thread 0x0000024647ec7360 Implicit null exception at 0x0000024657943be0 to 0x00000246579446ec
Event: 0.715 Thread 0x0000024647ec7360 Exception <a 'java/lang/NoSuchMethodError'{0x00000000c52f10b0}: 'void java.lang.invoke.DirectMethodHandle$Holder.invokeStaticInit(java.lang.Object)'> (0x00000000c52f10b0) 
thrown [s\open\src\hotspot\share\interpreter\linkResolver.cpp, line 774]
Event: 0.798 Thread 0x00000246637c3a20 Exception <a 'java/lang/NoSuchMethodError'{0x00000000c57d8708}: 'void java.lang.invoke.DirectMethodHandle$Holder.invokeVirtual(java.lang.Object, java.lang.Object)'> (0x00000000c57d8708) 
thrown [s\open\src\hotspot\share\interpreter\linkResolver.cpp, line 774]

VM Operations (20 events):
Event: 0.320 Executing VM operation: HandshakeAllThreads
Event: 0.320 Executing VM operation: HandshakeAllThreads done
Event: 0.440 Executing VM operation: HandshakeAllThreads
Event: 0.440 Executing VM operation: HandshakeAllThreads done
Event: 0.683 Executing VM operation: HandshakeAllThreads
Event: 0.683 Executing VM operation: HandshakeAllThreads done
Event: 1.685 Executing VM operation: Cleanup
Event: 1.685 Executing VM operation: Cleanup done
Event: 3.700 Executing VM operation: Cleanup
Event: 3.701 Executing VM operation: Cleanup done
Event: 4.701 Executing VM operation: Cleanup
Event: 4.701 Executing VM operation: Cleanup done
Event: 13.806 Executing VM operation: Cleanup
Event: 13.806 Executing VM operation: Cleanup done
Event: 40.049 Executing VM operation: Cleanup
Event: 40.049 Executing VM operation: Cleanup done
Event: 89.508 Executing VM operation: Cleanup
Event: 89.508 Executing VM operation: Cleanup done
Event: 91.527 Executing VM operation: Cleanup
Event: 91.527 Executing VM operation: Cleanup done

Events (20 events):
Event: 0.105 Thread 0x0000024647ec7360 Thread added: 0x0000024647ec7360
Event: 0.134 Thread 0x00000246637b77a0 Thread added: 0x00000246637b77a0
Event: 0.134 Thread 0x00000246637b8ae0 Thread added: 0x00000246637b8ae0
Event: 0.135 Thread 0x00000246637bd0c0 Thread added: 0x00000246637bd0c0
Event: 0.135 Thread 0x00000246637bd740 Thread added: 0x00000246637bd740
Event: 0.136 Thread 0x00000246637be420 Thread added: 0x00000246637be420
Event: 0.136 Thread 0x00000246637c3f70 Thread added: 0x00000246637c3f70
Event: 0.136 Thread 0x00000246637bec90 Thread added: 0x00000246637bec90
Event: 0.141 Thread 0x000002466381bba0 Thread added: 0x000002466381bba0
Event: 0.145 Thread 0x00000246637c4a10 Thread added: 0x00000246637c4a10
Event: 0.219 Thread 0x00000246637c54b0 Thread added: 0x00000246637c54b0
Event: 0.336 Thread 0x0000024667d40280 Thread added: 0x0000024667d40280
Event: 0.347 Thread 0x00000246637c34d0 Thread added: 0x00000246637c34d0
Event: 0.487 Thread 0x00000246637c1f90 Thread added: 0x00000246637c1f90
Event: 0.489 Thread 0x00000246637c44c0 Thread added: 0x00000246637c44c0
Event: 0.490 Thread 0x00000246637c3a20 Thread added: 0x00000246637c3a20
Event: 0.622 Thread 0x00000246637c4f60 Thread added: 0x00000246637c4f60
Event: 0.698 Thread 0x00000246637c24e0 Thread added: 0x00000246637c24e0
Event: 1.315 Thread 0x0000024667d40280 Thread exited: 0x0000024667d40280
Event: 5.683 Thread 0x00000246637c4f60 Thread exited: 0x00000246637c4f60


Dynamic libraries:
0x00007ff668e80000 - 0x00007ff668e90000 	C:\Program Files\Java\jdk-19\bin\javaw.exe
0x00007ffe62ed0000 - 0x00007ffe630c8000 	C:\Windows\SYSTEM32\ntdll.dll
0x00007ffe62aa0000 - 0x00007ffe62b5f000 	C:\Windows\System32\KERNEL32.DLL
0x00007ffe60630000 - 0x00007ffe60902000 	C:\Windows\System32\KERNELBASE.dll
0x00007ffe60b00000 - 0x00007ffe60c00000 	C:\Windows\System32\ucrtbase.dll
0x00007ffe5c230000 - 0x00007ffe5c248000 	C:\Program Files\Java\jdk-19\bin\jli.dll
0x00007ffe62730000 - 0x00007ffe627de000 	C:\Windows\System32\ADVAPI32.dll
0x00007ffe62a00000 - 0x00007ffe62a9e000 	C:\Windows\System32\msvcrt.dll
0x00007ffe62550000 - 0x00007ffe625ec000 	C:\Windows\System32\sechost.dll
0x00007ffe62420000 - 0x00007ffe62545000 	C:\Windows\System32\RPCRT4.dll
0x00007ffe62b60000 - 0x00007ffe62d01000 	C:\Windows\System32\USER32.dll
0x00007ffe5b750000 - 0x00007ffe5b76b000 	C:\Program Files\Java\jdk-19\bin\VCRUNTIME140.dll
0x00007ffe60ca0000 - 0x00007ffe60cc2000 	C:\Windows\System32\win32u.dll
0x00007ffe623e0000 - 0x00007ffe6240b000 	C:\Windows\System32\GDI32.dll
0x00007ffe60e00000 - 0x00007ffe60f0f000 	C:\Windows\System32\gdi32full.dll
0x00007ffe60c00000 - 0x00007ffe60c9d000 	C:\Windows\System32\msvcp_win.dll
0x00007ffe44b00000 - 0x00007ffe44d9a000 	C:\Windows\WinSxS\amd64_microsoft.windows.common-controls_6595b64144ccf1df_6.0.19041.1110_none_60b5254171f9507e\COMCTL32.dll
0x00007ffe5a530000 - 0x00007ffe5a53a000 	C:\Windows\SYSTEM32\VERSION.dll
0x00007ffe62e30000 - 0x00007ffe62e62000 	C:\Windows\System32\IMM32.DLL
0x00007ffe5dd70000 - 0x00007ffe5dd7c000 	C:\Program Files\Java\jdk-19\bin\vcruntime140_1.dll
0x00007ffe583d0000 - 0x00007ffe5845e000 	C:\Program Files\Java\jdk-19\bin\msvcp140.dll
0x00007ffdf46b0000 - 0x00007ffdf5370000 	C:\Program Files\Java\jdk-19\bin\server\jvm.dll
0x00007ffe38790000 - 0x00007ffe387b7000 	C:\Windows\SYSTEM32\WINMM.dll
0x00007ffe488f0000 - 0x00007ffe488f9000 	C:\Windows\SYSTEM32\WSOCK32.dll
0x00007ffe61120000 - 0x00007ffe6118b000 	C:\Windows\System32\WS2_32.dll
0x00007ffe5e480000 - 0x00007ffe5e492000 	C:\Windows\SYSTEM32\kernel.appcore.dll
0x00007ffe5ddc0000 - 0x00007ffe5ddca000 	C:\Program Files\Java\jdk-19\bin\jimage.dll
0x00007ffe4ba70000 - 0x00007ffe4bc54000 	C:\Windows\SYSTEM32\DBGHELP.DLL
0x00007ffe4ba30000 - 0x00007ffe4ba65000 	C:\Windows\SYSTEM32\dbgcore.DLL
0x00007ffe60a70000 - 0x00007ffe60af2000 	C:\Windows\System32\bcryptPrimitives.dll
0x00007ffe59d50000 - 0x00007ffe59d76000 	C:\Program Files\Java\jdk-19\bin\java.dll
0x00007ffe32170000 - 0x00007ffe32247000 	C:\Program Files\Java\jdk-19\bin\jsvml.dll
0x00007ffe614f0000 - 0x00007ffe61c35000 	C:\Windows\System32\SHELL32.dll
0x00007ffe5e680000 - 0x00007ffe5ee12000 	C:\Windows\SYSTEM32\windows.storage.dll
0x00007ffe61190000 - 0x00007ffe614e5000 	C:\Windows\System32\combase.dll
0x00007ffe5ff40000 - 0x00007ffe5ff70000 	C:\Windows\SYSTEM32\Wldp.dll
0x00007ffe621f0000 - 0x00007ffe6229d000 	C:\Windows\System32\SHCORE.dll
0x00007ffe622a0000 - 0x00007ffe622f5000 	C:\Windows\System32\shlwapi.dll
0x00007ffe60500000 - 0x00007ffe6051f000 	C:\Windows\SYSTEM32\profapi.dll
0x00007ffe59d30000 - 0x00007ffe59d43000 	C:\Program Files\Java\jdk-19\bin\net.dll
0x00007ffe5a750000 - 0x00007ffe5a85c000 	C:\Windows\SYSTEM32\WINHTTP.dll
0x00007ffe5fca0000 - 0x00007ffe5fd0a000 	C:\Windows\system32\mswsock.dll
0x00007ffe59d10000 - 0x00007ffe59d26000 	C:\Program Files\Java\jdk-19\bin\nio.dll
0x00007ffe59cf0000 - 0x00007ffe59d08000 	C:\Program Files\Java\jdk-19\bin\zip.dll
0x00007ffe5dd60000 - 0x00007ffe5dd70000 	C:\Program Files\Java\jdk-19\bin\verify.dll
0x00007ffe31e00000 - 0x00007ffe31f91000 	C:\Program Files\Java\jdk-19\bin\awt.dll
0x00007ffe62650000 - 0x00007ffe6271d000 	C:\Windows\System32\OLEAUT32.dll
0x00007ffe5de60000 - 0x00007ffe5def0000 	C:\Windows\SYSTEM32\apphelp.dll
0x00007ffe5e370000 - 0x00007ffe5e39f000 	C:\Windows\system32\DWMAPI.DLL
0x00007ffe5dfb0000 - 0x00007ffe5e04e000 	C:\Windows\system32\uxtheme.dll
0x00007ffe372f0000 - 0x00007ffe37415000 	C:\Windows\system32\opengl32.dll
0x00007ffe38230000 - 0x00007ffe3825c000 	C:\Windows\SYSTEM32\GLU32.dll
0x00007ffe62d10000 - 0x00007ffe62e25000 	C:\Windows\System32\MSCTF.dll
0x00007ffe60ff0000 - 0x00007ffe6111a000 	C:\Windows\System32\ole32.dll
0x00007ffe4c840000 - 0x00007ffe4c86e000 	C:\Program Files\Java\jdk-19\bin\javajpeg.dll
0x00007ffe39dc0000 - 0x00007ffe39e46000 	C:\Program Files\Java\jdk-19\bin\freetype.dll
0x00007ffe39870000 - 0x00007ffe39935000 	C:\Program Files\Java\jdk-19\bin\fontmanager.dll
0x00007ffe54db0000 - 0x00007ffe54ea9000 	C:\Windows\SYSTEM32\textinputframework.dll
0x00007ffe5d770000 - 0x00007ffe5dace000 	C:\Windows\System32\CoreUIComponents.dll
0x00007ffe5db00000 - 0x00007ffe5dbf2000 	C:\Windows\System32\CoreMessaging.dll
0x00007ffe5f6e0000 - 0x00007ffe5f713000 	C:\Windows\SYSTEM32\ntmarta.dll
0x00007ffe5d090000 - 0x00007ffe5d1e4000 	C:\Windows\SYSTEM32\wintypes.dll

dbghelp: loaded successfully - version: 4.0.5 - missing functions: none
symbol engine: initialized successfully - sym options: 0x614 - pdb path: .;C:\Program Files\Java\jdk-19\bin;C:\Windows\SYSTEM32;C:\Windows\WinSxS\amd64_microsoft.windows.common-controls_6595b64144ccf1df_6.0.19041.1110_none_60b5254171f9507e;C:\Program Files\Java\jdk-19\bin\server

VM Arguments:
jvm_args: -Dfile.encoding=UTF-8 --module-path=C:\Users\mypc\Downloads\mysql-connector-java-8.0.28.jar -XX:+ShowCodeDetailsInExceptionMessages 
java_command: HotelManagement.HotelManagementSystem
java_class_path (initial): G:\ITPJAVAPro\HotelManagementSystem\bin;C:\Users\mypc\Downloads\rs2xml (1).jar
Launcher Type: SUN_STANDARD

[Global flags]
     intx CICompilerCount                          = 3                                         {product} {ergonomic}
     uint ConcGCThreads                            = 1                                         {product} {ergonomic}
     uint G1ConcRefinementThreads                  = 4                                         {product} {ergonomic}
   size_t G1HeapRegionSize                         = 1048576                                   {product} {ergonomic}
    uintx GCDrainStackTargetSize                   = 64                                        {product} {ergonomic}
   size_t InitialHeapSize                          = 67108864                                  {product} {ergonomic}
   size_t MarkStackSize                            = 4194304                                   {product} {ergonomic}
   size_t MaxHeapSize                              = 1044381696                                {product} {ergonomic}
   size_t MaxNewSize                               = 625999872                                 {product} {ergonomic}
   size_t MinHeapDeltaBytes                        = 1048576                                   {product} {ergonomic}
   size_t MinHeapSize                              = 8388608                                   {product} {ergonomic}
    uintx NonNMethodCodeHeapSize                   = 5832780                                {pd product} {ergonomic}
    uintx NonProfiledCodeHeapSize                  = 122912730                              {pd product} {ergonomic}
    uintx ProfiledCodeHeapSize                     = 122912730                              {pd product} {ergonomic}
    uintx ReservedCodeCacheSize                    = 251658240                              {pd product} {ergonomic}
     bool SegmentedCodeCache                       = true                                      {product} {ergonomic}
     bool ShowCodeDetailsInExceptionMessages       = true                                   {manageable} {command line}
   size_t SoftMaxHeapSize                          = 1044381696                             {manageable} {ergonomic}
     bool UseCompressedClassPointers               = true                           {product lp64_product} {ergonomic}
     bool UseCompressedOops                        = true                           {product lp64_product} {ergonomic}
     bool UseG1GC                                  = true                                      {product} {ergonomic}
     bool UseLargePagesIndividualAllocation        = false                                  {pd product} {ergonomic}

Logging:
Log output configuration:
 #0: stdout all=warning uptime,level,tags foldmultilines=false
 #1: stderr all=off uptime,level,tags foldmultilines=false

Environment Variables:
PATH=C:/Program Files/Java/jdk-19/bin/server;C:/Program Files/Java/jdk-19/bin;G:\app\HR\product\12.1.0\dbhome_1\bin;G:\app\mypc\product\12.1.0\dbhome_1\bin;C:\Program Files\Common Files\Oracle\Java\javapath;C:\Windows\system32;C:\Windows;C:\Windows\System32\Wbem;C:\Windows\System32\WindowsPowerShell\v1.0\;C:\Windows\System32\OpenSSH\;C:\Users\mypc\AppData\Local\Programs\Python\Python311\Scripts\;C:\Users\mypc\AppData\Local\Programs\Python\Python311\;C:\Users\mypc\AppData\Local\Microsoft\WindowsApps;C:\Program Files\Java\jdk-19\bin;C:\Users\mypc\AppData\Local\Programs\Microsoft VS Code\bin;C:\Users\mypc\AppData\Local\GitHubDesktop\bin;C:\Users\mypc\AppData\Local\JetBrains\PyCharm Community Edition 2022.3.2\bin;;C:\Users\mypc\Desktop;
USERNAME=mypc
OS=Windows_NT
PROCESSOR_IDENTIFIER=Intel64 Family 6 Model 78 Stepping 3, GenuineIntel
TMP=C:\Users\mypc\AppData\Local\Temp
TEMP=C:\Users\mypc\AppData\Local\Temp



---------------  S Y S T E M  ---------------

OS:
 Windows 10 , 64 bit Build 19041 (10.0.19041.2546)
OS uptime: 0 days 6:11 hours

CPU: total 4 (initial active 4) (2 cores per cpu, 2 threads per core) family 6 model 78 stepping 3 microcode 0xcc, cx8, cmov, fxsr, ht, mmx, 3dnowpref, sse, sse2, sse3, ssse3, sse4.1, sse4.2, popcnt, lzcnt, tsc, tscinvbit, avx, avx2, aes, erms, clmul, bmi1, bmi2, adx, fma, vzeroupper, clflush, clflushopt, rdtscp

Memory: 4k page, system-wide physical 3977M (265M free)
TotalPageFile size 16265M (AvailPageFile size 2M)
current process WorkingSet (physical memory assigned to process): 63M, peak: 65M
current process commit charge ("private bytes"): 145M, peak: 148M

vm_info: Java HotSpot(TM) 64-Bit Server VM (19.0.1+10-21) for windows-amd64 JRE (19.0.1+10-21), built on 2022-09-14T12:45:06Z by "mach5one" with MS VC++ 17.1 (VS2022)

END.
