#
# There is insufficient memory for the Java Runtime Environment to continue.
# Native memory allocation (mmap) failed to map 67108864 bytes for G1 virtual space
# Possible reasons:
#   The system is out of physical RAM or swap space
#   The process is running with CompressedOops enabled, and the Java Heap may be blocking the growth of the native heap
# Possible solutions:
#   Reduce memory load on the system
#   Increase physical memory or swap space
#   Check if swap backing store is full
#   Decrease Java heap size (-Xmx/-Xms)
#   Decrease number of Java threads
#   Decrease Java thread stack sizes (-Xss)
#   Set larger code cache with -XX:ReservedCodeCacheSize=
#   JVM is running with Unscaled Compressed Oops mode in which the Java heap is
#     placed in the first 4GB address space. The Java Heap base address is the
#     maximum limit for the native heap growth. Please use -XX:HeapBaseMinAddress
#     to set the Java Heap base and to place the Java Heap above 4GB virtual address.
# This output file may be truncated or incomplete.
#
#  Out of Memory Error (os_windows.cpp:3527), pid=20512, tid=20564
#
# JRE version:  (19.0.1+10) (build )
# Java VM: Java HotSpot(TM) 64-Bit Server VM (19.0.1+10-21, mixed mode, sharing, tiered, compressed oops, compressed class ptrs, g1 gc, windows-amd64)
# No core dump will be written. Minidumps are not enabled by default on client versions of Windows
#

---------------  S U M M A R Y ------------

Command Line: -Dfile.encoding=UTF-8 --module-path=C:\Users\mypc\Downloads\mysql-connector-java-8.0.28.jar -XX:+ShowCodeDetailsInExceptionMessages HotelManagement.HotelManagementSystem

Host: Intel(R) Core(TM) i3-6006U CPU @ 2.00GHz, 4 cores, 3G,  Windows 10 , 64 bit Build 19041 (10.0.19041.2546)
Time: Tue Feb 28 15:45:59 2023 India Standard Time elapsed time: 0.025189 seconds (0d 0h 0m 0s)

---------------  T H R E A D  ---------------

Current thread (0x000001d5c2c983c0):  JavaThread "Unknown thread" [_thread_in_vm, id=20564, stack(0x0000001688d00000,0x0000001688e00000)]

Stack: [0x0000001688d00000,0x0000001688e00000]
Native frames: (J=compiled Java code, j=interpreted, Vv=VM code, C=native code)
V  [jvm.dll+0x6ee8fa]
V  [jvm.dll+0x857a1e]
V  [jvm.dll+0x85940e]
V  [jvm.dll+0x859ac3]
V  [jvm.dll+0x28291f]
V  [jvm.dll+0x6eb6e9]
V  [jvm.dll+0x6e028a]
V  [jvm.dll+0x357136]
V  [jvm.dll+0x35eb96]
V  [jvm.dll+0x3b555e]
V  [jvm.dll+0x3b578f]
V  [jvm.dll+0x32c6ea]
V  [jvm.dll+0x32d59e]
V  [jvm.dll+0x821b20]
V  [jvm.dll+0x3c27c1]
V  [jvm.dll+0x8022f1]
V  [jvm.dll+0x44b30f]
V  [jvm.dll+0x44cc91]
C  [jli.dll+0x5287]
C  [ucrtbase.dll+0x21bb2]
C  [KERNEL32.DLL+0x17614]
C  [ntdll.dll+0x526a1]


---------------  P R O C E S S  ---------------

Threads class SMR info:
_java_thread_list=0x00007ffdf522d048, length=0, elements={
}

Java Threads: ( => current thread )

Other Threads:
  0x000001d5c2cda830 WorkerThread "GC Thread#0" [stack: 0x0000001688e00000,0x0000001688f00000] [id=20536]
  0x000001d5c2d02e40 ConcurrentGCThread "G1 Main Marker" [stack: 0x0000001688f00000,0x0000001689000000] [id=20568]
  0x000001d5c2d03870 WorkerThread "G1 Conc#0" [stack: 0x0000001689000000,0x0000001689100000] [id=20572]

[error occurred during error reporting (printing all threads), id 0xc0000005, EXCEPTION_ACCESS_VIOLATION (0xc0000005) at pc=0x00007ffdf49ed127]

VM state: not at safepoint (not fully initialized)

VM Mutex/Monitor currently owned by a thread:  ([mutex/lock_event])
[0x000001d5c2c93c20] Heap_lock - owner thread: 0x000001d5c2c983c0

Heap address: 0x00000000c1c00000, size: 996 MB, Compressed Oops mode: 32-bit

CDS archive(s) mapped at: [0x0000000000000000-0x0000000000000000-0x0000000000000000), size 0, SharedBaseAddress: 0x0000000800000000, ArchiveRelocationMode: 0.
Narrow klass base: 0x0000000000000000, Narrow klass shift: 0, Narrow klass range: 0x0

GC Precious Log:
 CardTable entry size: 512
 Card Set container configuration: InlinePtr #cards 5 size 8 Array Of Cards #cards 12 size 40 Howl #buckets 4 coarsen threshold 1843 Howl Bitmap #cards 512 size 80 coarsen threshold 460 Card regions per heap region 1 cards per card region 2048

Heap:
 garbage-first heap   total 0K, used 0K [0x00000000c1c00000, 0x0000000100000000)
  region size 1024K, 0 young (0K), 0 survivors (0K)

[error occurred during error reporting (printing heap information), id 0xc0000005, EXCEPTION_ACCESS_VIOLATION (0xc0000005) at pc=0x00007ffdf4df6959]

GC Heap History (0 events):
No events

Dll operation events (1 events):
Event: 0.013 Loaded shared library C:\Program Files\Java\jdk-19\bin\java.dll

Deoptimization events (0 events):
No events

Classes loaded (0 events):
No events

Classes unloaded (0 events):
No events

Classes redefined (0 events):
No events

Internal exceptions (0 events):
No events

VM Operations (0 events):
No events

Events (0 events):
No events


Dynamic libraries:
0x00007ff668e80000 - 0x00007ff668e90000 	C:\Program Files\Java\jdk-19\bin\javaw.exe
0x00007ffe62ed0000 - 0x00007ffe630c8000 	C:\Windows\SYSTEM32\ntdll.dll
0x00007ffe62aa0000 - 0x00007ffe62b5f000 	C:\Windows\System32\KERNEL32.DLL
0x00007ffe60630000 - 0x00007ffe60902000 	C:\Windows\System32\KERNELBASE.dll
0x00007ffe60b00000 - 0x00007ffe60c00000 	C:\Windows\System32\ucrtbase.dll
0x00007ffe5c230000 - 0x00007ffe5c248000 	C:\Program Files\Java\jdk-19\bin\jli.dll
0x00007ffe62730000 - 0x00007ffe627de000 	C:\Windows\System32\ADVAPI32.dll
0x00007ffe62a00000 - 0x00007ffe62a9e000 	C:\Windows\System32\msvcrt.dll
0x00007ffe62550000 - 0x00007ffe625ec000 	C:\Windows\System32\sechost.dll
0x00007ffe62420000 - 0x00007ffe62545000 	C:\Windows\System32\RPCRT4.dll
0x00007ffe62b60000 - 0x00007ffe62d01000 	C:\Windows\System32\USER32.dll
0x00007ffe60ca0000 - 0x00007ffe60cc2000 	C:\Windows\System32\win32u.dll
0x00007ffe623e0000 - 0x00007ffe6240b000 	C:\Windows\System32\GDI32.dll
0x00007ffe60e00000 - 0x00007ffe60f0f000 	C:\Windows\System32\gdi32full.dll
0x00007ffe60c00000 - 0x00007ffe60c9d000 	C:\Windows\System32\msvcp_win.dll
0x00007ffe5b750000 - 0x00007ffe5b76b000 	C:\Program Files\Java\jdk-19\bin\VCRUNTIME140.dll
0x00007ffe44b00000 - 0x00007ffe44d9a000 	C:\Windows\WinSxS\amd64_microsoft.windows.common-controls_6595b64144ccf1df_6.0.19041.1110_none_60b5254171f9507e\COMCTL32.dll
0x00007ffe5a530000 - 0x00007ffe5a53a000 	C:\Windows\SYSTEM32\VERSION.dll
0x00007ffe62e30000 - 0x00007ffe62e62000 	C:\Windows\System32\IMM32.DLL
0x00007ffe5dd70000 - 0x00007ffe5dd7c000 	C:\Program Files\Java\jdk-19\bin\vcruntime140_1.dll
0x00007ffe583d0000 - 0x00007ffe5845e000 	C:\Program Files\Java\jdk-19\bin\msvcp140.dll
0x00007ffdf46b0000 - 0x00007ffdf5370000 	C:\Program Files\Java\jdk-19\bin\server\jvm.dll
0x00007ffe488f0000 - 0x00007ffe488f9000 	C:\Windows\SYSTEM32\WSOCK32.dll
0x00007ffe38790000 - 0x00007ffe387b7000 	C:\Windows\SYSTEM32\WINMM.dll
0x00007ffe61120000 - 0x00007ffe6118b000 	C:\Windows\System32\WS2_32.dll
0x00007ffe5e480000 - 0x00007ffe5e492000 	C:\Windows\SYSTEM32\kernel.appcore.dll
0x00007ffe5ddc0000 - 0x00007ffe5ddca000 	C:\Program Files\Java\jdk-19\bin\jimage.dll
0x00007ffe4ba70000 - 0x00007ffe4bc54000 	C:\Windows\SYSTEM32\DBGHELP.DLL
0x00007ffe4ba30000 - 0x00007ffe4ba65000 	C:\Windows\SYSTEM32\dbgcore.DLL
0x00007ffe60a70000 - 0x00007ffe60af2000 	C:\Windows\System32\bcryptPrimitives.dll
0x00007ffe59d50000 - 0x00007ffe59d76000 	C:\Program Files\Java\jdk-19\bin\java.dll

dbghelp: loaded successfully - version: 4.0.5 - missing functions: none
symbol engine: initialized successfully - sym options: 0x614 - pdb path: .;C:\Program Files\Java\jdk-19\bin;C:\Windows\SYSTEM32;C:\Windows\WinSxS\amd64_microsoft.windows.common-controls_6595b64144ccf1df_6.0.19041.1110_none_60b5254171f9507e;C:\Program Files\Java\jdk-19\bin\server

VM Arguments:
jvm_args: -Dfile.encoding=UTF-8 --module-path=C:\Users\mypc\Downloads\mysql-connector-java-8.0.28.jar -XX:+ShowCodeDetailsInExceptionMessages 
java_command: HotelManagement.HotelManagementSystem
java_class_path (initial): G:\ITPJAVAPro\HotelManagementSystem\bin;C:\Users\mypc\Downloads\rs2xml (1).jar
Launcher Type: SUN_STANDARD

[Global flags]
     intx CICompilerCount                          = 3                                         {product} {ergonomic}
     uint ConcGCThreads                            = 1                                         {product} {ergonomic}
     uint G1ConcRefinementThreads                  = 4                                         {product} {ergonomic}
   size_t G1HeapRegionSize                         = 1048576                                   {product} {ergonomic}
    uintx GCDrainStackTargetSize                   = 64                                        {product} {ergonomic}
   size_t InitialHeapSize                          = 67108864                                  {product} {ergonomic}
   size_t MarkStackSize                            = 4194304                                   {product} {ergonomic}
   size_t MaxHeapSize                              = 1044381696                                {product} {ergonomic}
   size_t MinHeapDeltaBytes                        = 1048576                                   {product} {ergonomic}
   size_t MinHeapSize                              = 8388608                                   {product} {ergonomic}
    uintx NonNMethodCodeHeapSize                   = 5832780                                {pd product} {ergonomic}
    uintx NonProfiledCodeHeapSize                  = 122912730                              {pd product} {ergonomic}
    uintx ProfiledCodeHeapSize                     = 122912730                              {pd product} {ergonomic}
    uintx ReservedCodeCacheSize                    = 251658240                              {pd product} {ergonomic}
     bool SegmentedCodeCache                       = true                                      {product} {ergonomic}
     bool ShowCodeDetailsInExceptionMessages       = true                                   {manageable} {command line}
   size_t SoftMaxHeapSize                          = 1044381696                             {manageable} {ergonomic}
     bool UseCompressedClassPointers               = true                           {product lp64_product} {ergonomic}
     bool UseCompressedOops                        = true                           {product lp64_product} {ergonomic}
     bool UseG1GC                                  = true                                      {product} {ergonomic}
     bool UseLargePagesIndividualAllocation        = false                                  {pd product} {ergonomic}

Logging:
Log output configuration:
 #0: stdout all=warning uptime,level,tags foldmultilines=false
 #1: stderr all=off uptime,level,tags foldmultilines=false

Environment Variables:
PATH=C:/Program Files/Java/jdk-19/bin/server;C:/Program Files/Java/jdk-19/bin;G:\app\HR\product\12.1.0\dbhome_1\bin;G:\app\mypc\product\12.1.0\dbhome_1\bin;C:\Program Files\Common Files\Oracle\Java\javapath;C:\Windows\system32;C:\Windows;C:\Windows\System32\Wbem;C:\Windows\System32\WindowsPowerShell\v1.0\;C:\Windows\System32\OpenSSH\;C:\Users\mypc\AppData\Local\Programs\Python\Python311\Scripts\;C:\Users\mypc\AppData\Local\Programs\Python\Python311\;C:\Users\mypc\AppData\Local\Microsoft\WindowsApps;C:\Program Files\Java\jdk-19\bin;C:\Users\mypc\AppData\Local\Programs\Microsoft VS Code\bin;C:\Users\mypc\AppData\Local\GitHubDesktop\bin;C:\Users\mypc\AppData\Local\JetBrains\PyCharm Community Edition 2022.3.2\bin;;C:\Users\mypc\Desktop;
USERNAME=mypc
OS=Windows_NT
PROCESSOR_IDENTIFIER=Intel64 Family 6 Model 78 Stepping 3, GenuineIntel
TMP=C:\Users\mypc\AppData\Local\Temp
TEMP=C:\Users\mypc\AppData\Local\Temp



---------------  S Y S T E M  ---------------

OS:
 Windows 10 , 64 bit Build 19041 (10.0.19041.2546)
OS uptime: 0 days 6:11 hours

CPU: total 4 (initial active 4) (2 cores per cpu, 2 threads per core) family 6 model 78 stepping 3 microcode 0xcc, cx8, cmov, fxsr, ht, mmx, 3dnowpref, sse, sse2, sse3, ssse3, sse4.1, sse4.2, popcnt, lzcnt, tsc, tscinvbit, avx, avx2, aes, erms, clmul, bmi1, bmi2, adx, fma, vzeroupper, clflush, clflushopt, rdtscp

Memory: 4k page, system-wide physical 3977M (325M free)
TotalPageFile size 16265M (AvailPageFile size 8M)
current process WorkingSet (physical memory assigned to process): 10M, peak: 10M
current process commit charge ("private bytes"): 51M, peak: 115M

vm_info: Java HotSpot(TM) 64-Bit Server VM (19.0.1+10-21) for windows-amd64 JRE (19.0.1+10-21), built on 2022-09-14T12:45:06Z by "mach5one" with MS VC++ 17.1 (VS2022)

END.
